# JRE version: OpenJDK Runtime Environment (8.0_152-b01) (build 1.8.0_152-release-915-b01)
# Java VM: OpenJDK 64-Bit Server VM (25.152-b01 mixed mode windows-amd64 compressed oops)
Heap:
 PSYoungGen      total 480768K, used 372672K [0x00000000e0000000, 0x0000000100000000, 0x0000000100000000)
  eden space 457728K, 76% used [0x00000000e0000000,0x00000000f55cc968,0x00000000fbf00000)
  from space 23040K, 98% used [0x00000000fbf00000,0x00000000fd523a60,0x00000000fd580000)
  to   space 34304K, 0% used [0x00000000fde80000,0x00000000fde80000,0x0000000100000000)
 ParOldGen       total 92672K, used 66446K [0x00000000a0000000, 0x00000000a5a80000, 0x00000000e0000000)
  object space 92672K, 71% used [0x00000000a0000000,0x00000000a40e3b80,0x00000000a5a80000)
 Metaspace       used 89073K, capacity 96021K, committed 96216K, reserved 1132544K
  class space    used 11150K, capacity 12764K, committed 12800K, reserved 1048576K
GC Heap History (10 events):
Event: 23789.657 GC heap before
{Heap before GC invocations=23 (full 4):
 PSYoungGen      total 499712K, used 490165K [0x00000000e0000000, 0x00000000fff00000, 0x0000000100000000)
  eden space 476672K, 100% used [0x00000000e0000000,0x00000000fd180000,0x00000000fd180000)
  from space 23040K, 58% used [0x00000000fe800000,0x00000000ff52d4c8,0x00000000ffe80000)
  to   space 23040K, 0% used [0x00000000fd180000,0x00000000fd180000,0x00000000fe800000)
 ParOldGen       total 92672K, used 53380K [0x00000000a0000000, 0x00000000a5a80000, 0x00000000e0000000)
  object space 92672K, 57% used [0x00000000a0000000,0x00000000a3421260,0x00000000a5a80000)
 Metaspace       used 78569K, capacity 83405K, committed 83672K, reserved 1122304K
  class space    used 10148K, capacity 11408K, committed 11520K, reserved 1048576K
Event: 23789.743 GC heap after
Heap after GC invocations=23 (full 4):
 PSYoungGen      total 495616K, used 18799K [0x00000000e0000000, 0x0000000100000000, 0x0000000100000000)
  eden space 476672K, 0% used [0x00000000e0000000,0x00000000e0000000,0x00000000fd180000)
  from space 18944K, 99% used [0x00000000fd180000,0x00000000fe3dbf08,0x00000000fe400000)
  to   space 25088K, 0% used [0x00000000fe780000,0x00000000fe780000,0x0000000100000000)
 ParOldGen       total 92672K, used 53388K [0x00000000a0000000, 0x00000000a5a80000, 0x00000000e0000000)
  object space 92672K, 57% used [0x00000000a0000000,0x00000000a3423260,0x00000000a5a80000)
 Metaspace       used 78569K, capacity 83405K, committed 83672K, reserved 1122304K
  class space    used 10148K, capacity 11408K, committed 11520K, reserved 1048576K
}
Event: 24030.649 GC heap before
{Heap before GC invocations=24 (full 4):
 PSYoungGen      total 495616K, used 495471K [0x00000000e0000000, 0x0000000100000000, 0x0000000100000000)
  eden space 476672K, 100% used [0x00000000e0000000,0x00000000fd180000,0x00000000fd180000)
  from space 18944K, 99% used [0x00000000fd180000,0x00000000fe3dbf08,0x00000000fe400000)
  to   space 25088K, 0% used [0x00000000fe780000,0x00000000fe780000,0x0000000100000000)
 ParOldGen       total 92672K, used 53388K [0x00000000a0000000, 0x00000000a5a80000, 0x00000000e0000000)
  object space 92672K, 57% used [0x00000000a0000000,0x00000000a3423260,0x00000000a5a80000)
 Metaspace       used 80685K, capacity 85745K, committed 85848K, reserved 1124352K
  class space    used 10317K, capacity 11594K, committed 11648K, reserved 1048576K
Event: 24030.704 GC heap after
Heap after GC invocations=24 (full 4):
 PSYoungGen      total 493056K, used 22963K [0x00000000e0000000, 0x0000000100000000, 0x0000000100000000)
  eden space 467968K, 0% used [0x00000000e0000000,0x00000000e0000000,0x00000000fc900000)
  from space 25088K, 91% used [0x00000000fe780000,0x00000000ffdecdb8,0x0000000100000000)
  to   space 28160K, 0% used [0x00000000fc900000,0x00000000fc900000,0x00000000fe480000)
 ParOldGen       total 92672K, used 53396K [0x00000000a0000000, 0x00000000a5a80000, 0x00000000e0000000)
  object space 92672K, 57% used [0x00000000a0000000,0x00000000a3425260,0x00000000a5a80000)
 Metaspace       used 80685K, capacity 85745K, committed 85848K, reserved 1124352K
  class space    used 10317K, capacity 11594K, committed 11648K, reserved 1048576K
}
Event: 24137.319 GC heap before
{Heap before GC invocations=25 (full 4):
 PSYoungGen      total 493056K, used 490931K [0x00000000e0000000, 0x0000000100000000, 0x0000000100000000)
  eden space 467968K, 100% used [0x00000000e0000000,0x00000000fc900000,0x00000000fc900000)
  from space 25088K, 91% used [0x00000000fe780000,0x00000000ffdecdb8,0x0000000100000000)
  to   space 28160K, 0% used [0x00000000fc900000,0x00000000fc900000,0x00000000fe480000)
 ParOldGen       total 92672K, used 53396K [0x00000000a0000000, 0x00000000a5a80000, 0x00000000e0000000)
  object space 92672K, 57% used [0x00000000a0000000,0x00000000a3425260,0x00000000a5a80000)
 Metaspace       used 82837K, capacity 88507K, committed 88792K, reserved 1126400K
  class space    used 10532K, capacity 11915K, committed 12032K, reserved 1048576K
Event: 24137.667 GC heap after
Heap after GC invocations=25 (full 4):
 PSYoungGen      total 496128K, used 28129K [0x00000000e0000000, 0x0000000100000000, 0x0000000100000000)
  eden space 467968K, 0% used [0x00000000e0000000,0x00000000e0000000,0x00000000fc900000)
  from space 28160K, 99% used [0x00000000fc900000,0x00000000fe478478,0x00000000fe480000)
  to   space 28160K, 0% used [0x00000000fe480000,0x00000000fe480000,0x0000000100000000)
 ParOldGen       total 92672K, used 58287K [0x00000000a0000000, 0x00000000a5a80000, 0x00000000e0000000)
  object space 92672K, 62% used [0x00000000a0000000,0x00000000a38ebca8,0x00000000a5a80000)
 Metaspace       used 82837K, capacity 88507K, committed 88792K, reserved 1126400K
  class space    used 10532K, capacity 11915K, committed 12032K, reserved 1048576K
}
Event: 24272.119 GC heap before
{Heap before GC invocations=26 (full 4):
 PSYoungGen      total 496128K, used 496097K [0x00000000e0000000, 0x0000000100000000, 0x0000000100000000)
  eden space 467968K, 100% used [0x00000000e0000000,0x00000000fc900000,0x00000000fc900000)
  from space 28160K, 99% used [0x00000000fc900000,0x00000000fe478478,0x00000000fe480000)
  to   space 28160K, 0% used [0x00000000fe480000,0x00000000fe480000,0x0000000100000000)
 ParOldGen       total 92672K, used 58287K [0x00000000a0000000, 0x00000000a5a80000, 0x00000000e0000000)
  object space 92672K, 62% used [0x00000000a0000000,0x00000000a38ebca8,0x00000000a5a80000)
 Metaspace       used 85826K, capacity 91769K, committed 91864K, reserved 1128448K
  class space    used 10809K, capacity 12260K, committed 12288K, reserved 1048576K
Event: 24272.251 GC heap after
Heap after GC invocations=26 (full 4):
 PSYoungGen      total 485888K, used 16850K [0x00000000e0000000, 0x0000000100000000, 0x0000000100000000)
  eden space 457728K, 0% used [0x00000000e0000000,0x00000000e0000000,0x00000000fbf00000)
  from space 28160K, 59% used [0x00000000fe480000,0x00000000ff4f48e0,0x0000000100000000)
  to   space 33280K, 0% used [0x00000000fbf00000,0x00000000fbf00000,0x00000000fdf80000)
 ParOldGen       total 92672K, used 66438K [0x00000000a0000000, 0x00000000a5a80000, 0x00000000e0000000)
  object space 92672K, 71% used [0x00000000a0000000,0x00000000a40e1b80,0x00000000a5a80000)
 Metaspace       used 85826K, capacity 91769K, committed 91864K, reserved 1128448K
  class space    used 10809K, capacity 12260K, committed 12288K, reserved 1048576K
}
Event: 24447.508 GC heap before
{Heap before GC invocations=27 (full 4):
 PSYoungGen      total 485888K, used 474578K [0x00000000e0000000, 0x0000000100000000, 0x0000000100000000)
  eden space 457728K, 100% used [0x00000000e0000000,0x00000000fbf00000,0x00000000fbf00000)
  from space 28160K, 59% used [0x00000000fe480000,0x00000000ff4f48e0,0x0000000100000000)
  to   space 33280K, 0% used [0x00000000fbf00000,0x00000000fbf00000,0x00000000fdf80000)
 ParOldGen       total 92672K, used 66438K [0x00000000a0000000, 0x00000000a5a80000, 0x00000000e0000000)
  object space 92672K, 71% used [0x00000000a0000000,0x00000000a40e1b80,0x00000000a5a80000)
 Metaspace       used 87230K, capacity 93353K, committed 93528K, reserved 1130496K
  class space    used 10923K, capacity 12406K, committed 12416K, reserved 1048576K
Event: 24447.548 GC heap after
Heap after GC invocations=27 (full 4):
 PSYoungGen      total 480768K, used 22670K [0x00000000e0000000, 0x0000000100000000, 0x0000000100000000)
  eden space 457728K, 0% used [0x00000000e0000000,0x00000000e0000000,0x00000000fbf00000)
  from space 23040K, 98% used [0x00000000fbf00000,0x00000000fd523a60,0x00000000fd580000)
  to   space 34304K, 0% used [0x00000000fde80000,0x00000000fde80000,0x0000000100000000)
 ParOldGen       total 92672K, used 66446K [0x00000000a0000000, 0x00000000a5a80000, 0x00000000e0000000)
  object space 92672K, 71% used [0x00000000a0000000,0x00000000a40e3b80,0x00000000a5a80000)
 Metaspace       used 87230K, capacity 93353K, committed 93528K, reserved 1130496K
  class space    used 10923K, capacity 12406K, committed 12416K, reserved 1048576K
}

